2025-10-22 15:57:22,151 [INFO] Найдено 3 тр.
2025-10-22 15:57:22,818 [INFO] Сообщение отправлено в Telegram.
2025-10-22 16:01:13,052 [INFO] Найдено 3 тр.
2025-10-22 16:01:13,675 [INFO] Сообщение отправлено в Telegram.
2025-10-22 16:02:22,563 [INFO] Найдено 3 тр.
2025-10-22 16:02:23,145 [INFO] Сообщение отправлено в Telegram.
2025-10-22 16:06:23,754 [INFO] Найдено 3 тр.
2025-10-22 16:06:24,278 [INFO] Сообщение отправлено в Telegram.
2025-10-22 16:09:39,920 [INFO] Найдено 3 тр.
2025-10-22 16:09:40,487 [INFO] Сообщение отправлено в Telegram.
2025-10-22 16:10:17,947 [INFO] Найдено 3 тр.
2025-10-22 16:10:18,659 [INFO] Сообщение отправлено в Telegram.
2025-10-22 16:12:19,047 [INFO] Найдено 3 тр.
2025-10-22 16:12:19,598 [INFO] Сообщение отправлено в Telegram.
2025-10-22 16:14:13,987 [INFO] Найдено 3 тр.
2025-10-22 16:14:14,614 [INFO] Сообщение отправлено в Telegram.
2025-10-22 16:16:14,705 [INFO] Найдено 3 тр.
2025-10-22 16:16:15,226 [INFO] Сообщение отправлено в Telegram.
2025-10-22 16:18:16,026 [INFO] Найдено 3 тр.
2025-10-22 16:18:16,571 [INFO] Сообщение отправлено в Telegram.
2025-10-22 16:20:20,270 [INFO] Найдено 3 тр.
2025-10-22 16:20:20,787 [INFO] Сообщение отправлено в Telegram.
2025-10-22 16:22:17,785 [INFO] Найдено 3 тр.
2025-10-22 16:22:18,386 [INFO] Сообщение отправлено в Telegram.
2025-10-22 16:24:18,423 [INFO] Найдено 3 тр.
2025-10-22 16:24:19,062 [INFO] Сообщение отправлено в Telegram.
2025-10-22 16:26:19,423 [INFO] Нет <tr> после ожидания -> считаем 0.
2025-10-22 16:26:19,507 [INFO] Порог (1) не превышен (0).
2025-10-22 16:28:20,020 [INFO] Нет <tr> после ожидания -> считаем 0.
2025-10-22 16:28:20,084 [INFO] Порог (1) не превышен (0).
2025-10-22 16:30:29,346 [INFO] Нет <tr> после ожидания -> считаем 0.
2025-10-22 16:30:29,408 [INFO] Порог (1) не превышен (0).
2025-10-22 16:30:49,875 [INFO] Нет <tr> после ожидания -> считаем 0.
2025-10-22 16:30:49,941 [INFO] Порог (1) не превышен (0).
2025-10-22 16:31:20,742 [INFO] Нет <tr> после ожидания -> считаем 0.
2025-10-22 16:31:20,804 [INFO] Порог (1) не превышен (0).
2025-10-22 16:32:19,742 [INFO] Нет <tr> после ожидания -> считаем 0.
2025-10-22 16:32:19,810 [INFO] Порог (1) не превышен (0).
2025-10-22 16:34:20,283 [INFO] Нет <tr> после ожидания -> считаем 0.
2025-10-22 16:34:20,378 [INFO] Порог (1) не превышен (0).
2025-10-22 16:36:20,463 [INFO] Нет <tr> после ожидания -> считаем 0.
2025-10-22 16:36:20,528 [INFO] Порог (1) не превышен (0).
2025-10-22 16:37:27,824 [INFO] ====== WebDriver manager ======
2025-10-22 16:37:27,893 [INFO] Get LATEST chromedriver version for google-chrome
2025-10-22 16:37:27,897 [ERROR] Ошибка при получении данных: 'NoneType' object has no attribute 'split'
Traceback (most recent call last):
  File "/home/runner/workspace/tce_telegram_monitor.py", line 135, in main_once
    count1, has_future_date1 = get_count_with_selenium(
                               ^^^^^^^^^^^^^^^^^^^^^^^^
  File "/home/runner/workspace/tce_telegram_monitor.py", line 79, in get_count_with_selenium
    service = ChromeService(ChromeDriverManager().install())
                            ^^^^^^^^^^^^^^^^^^^^^^^^^^^^^^^
  File "/home/runner/workspace/.pythonlibs/lib/python3.12/site-packages/webdriver_manager/chrome.py", line 40, in install
    driver_path = self._get_driver_binary_path(self.driver)
                  ^^^^^^^^^^^^^^^^^^^^^^^^^^^^^^^^^^^^^^^^^
  File "/home/runner/workspace/.pythonlibs/lib/python3.12/site-packages/webdriver_manager/core/manager.py", line 40, in _get_driver_binary_path
    file = self._download_manager.download_file(driver.get_driver_download_url(os_type))
                                                ^^^^^^^^^^^^^^^^^^^^^^^^^^^^^^^^^^^^^^^
  File "/home/runner/workspace/.pythonlibs/lib/python3.12/site-packages/webdriver_manager/drivers/chrome.py", line 32, in get_driver_download_url
    driver_version_to_download = self.get_driver_version_to_download()
                                 ^^^^^^^^^^^^^^^^^^^^^^^^^^^^^^^^^^^^^
  File "/home/runner/workspace/.pythonlibs/lib/python3.12/site-packages/webdriver_manager/core/driver.py", line 48, in get_driver_version_to_download
    return self.get_latest_release_version()
           ^^^^^^^^^^^^^^^^^^^^^^^^^^^^^^^^^
  File "/home/runner/workspace/.pythonlibs/lib/python3.12/site-packages/webdriver_manager/drivers/chrome.py", line 64, in get_latest_release_version
    determined_browser_version = ".".join(determined_browser_version.split(".")[:3])
                                          ^^^^^^^^^^^^^^^^^^^^^^^^^^^^^^^^
AttributeError: 'NoneType' object has no attribute 'split'
2025-10-22 16:37:28,310 [INFO] Сообщение отправлено в Telegram.
2025-10-22 16:38:06,059 [INFO] ====== WebDriver manager ======
2025-10-22 16:38:06,132 [INFO] Get LATEST chromedriver version for google-chrome
2025-10-22 16:38:06,137 [ERROR] Ошибка при получении данных: 'NoneType' object has no attribute 'split'
Traceback (most recent call last):
  File "/home/runner/workspace/tce_telegram_monitor.py", line 135, in main_once
    count1, has_future_date1 = get_count_with_selenium(
                               ^^^^^^^^^^^^^^^^^^^^^^^^
  File "/home/runner/workspace/tce_telegram_monitor.py", line 79, in get_count_with_selenium
    service = ChromeService(ChromeDriverManager().install())
                            ^^^^^^^^^^^^^^^^^^^^^^^^^^^^^^^
  File "/home/runner/workspace/.pythonlibs/lib/python3.12/site-packages/webdriver_manager/chrome.py", line 40, in install
    driver_path = self._get_driver_binary_path(self.driver)
                  ^^^^^^^^^^^^^^^^^^^^^^^^^^^^^^^^^^^^^^^^^
  File "/home/runner/workspace/.pythonlibs/lib/python3.12/site-packages/webdriver_manager/core/manager.py", line 40, in _get_driver_binary_path
    file = self._download_manager.download_file(driver.get_driver_download_url(os_type))
                                                ^^^^^^^^^^^^^^^^^^^^^^^^^^^^^^^^^^^^^^^
  File "/home/runner/workspace/.pythonlibs/lib/python3.12/site-packages/webdriver_manager/drivers/chrome.py", line 32, in get_driver_download_url
    driver_version_to_download = self.get_driver_version_to_download()
                                 ^^^^^^^^^^^^^^^^^^^^^^^^^^^^^^^^^^^^^
  File "/home/runner/workspace/.pythonlibs/lib/python3.12/site-packages/webdriver_manager/core/driver.py", line 48, in get_driver_version_to_download
    return self.get_latest_release_version()
           ^^^^^^^^^^^^^^^^^^^^^^^^^^^^^^^^^
  File "/home/runner/workspace/.pythonlibs/lib/python3.12/site-packages/webdriver_manager/drivers/chrome.py", line 64, in get_latest_release_version
    determined_browser_version = ".".join(determined_browser_version.split(".")[:3])
                                          ^^^^^^^^^^^^^^^^^^^^^^^^^^^^^^^^
AttributeError: 'NoneType' object has no attribute 'split'
2025-10-22 16:38:06,552 [INFO] Сообщение отправлено в Telegram.
2025-10-22 16:38:39,112 [INFO] [Записки юного врача] Найдено 3 тр., дата > 2025-10-27: True
2025-10-22 16:38:43,699 [INFO] [На чёрной] Найдено 2 тр., дата > 2025-10-13: True
2025-10-22 16:38:44,341 [INFO] Сообщение отправлено в Telegram.
2025-10-22 16:40:15,182 [INFO] [Записки юного врача] Найдено 3 тр., дата > 2025-10-27: True
2025-10-22 16:40:21,741 [INFO] [На чёрной] Найдено 2 тр., дата > 2025-10-13: True
2025-10-22 16:40:22,301 [INFO] Сообщение отправлено в Telegram.
2025-10-22 16:42:14,105 [INFO] [Записки юного врача] Найдено 3 тр., дата > 2025-10-27: True
2025-10-22 16:42:23,003 [INFO] [На чёрной] Найдено 2 тр., дата > 2025-10-13: True
2025-10-22 16:42:23,543 [INFO] Сообщение отправлено в Telegram.
2025-10-22 16:44:16,370 [INFO] [Записки юного врача] Найдено 3 тр., дата > 2025-10-27: True
2025-10-22 16:44:27,162 [INFO] [На чёрной] Найдено 2 тр., дата > 2025-10-13: True
2025-10-22 16:44:27,701 [INFO] Сообщение отправлено в Telegram.
2025-10-22 16:46:18,612 [INFO] [Записки юного врача] Найдено 3 тр., дата > 2025-10-27: True
2025-10-22 16:46:30,975 [INFO] [На чёрной] Найдено 2 тр., дата > 2025-10-13: True
2025-10-22 16:46:31,540 [INFO] Сообщение отправлено в Telegram.
2025-10-22 16:48:19,945 [INFO] [Записки юного врача] Найдено 3 тр., дата > 2025-10-27: True
2025-10-22 16:48:33,747 [INFO] [На чёрной] Нет результатов -> 0
2025-10-22 16:48:34,379 [INFO] Сообщение отправлено в Telegram.
2025-10-22 16:50:24,298 [INFO] [Записки юного врача] Нет результатов -> 0
2025-10-22 16:50:37,912 [INFO] [На чёрной] Нет результатов -> 0
2025-10-22 16:50:37,972 [INFO] Ничего нового не найдено по обоим запросам.
2025-10-22 16:52:21,067 [INFO] [Записки юного врача] Нет результатов -> 0
2025-10-22 16:52:34,822 [INFO] [На чёрной] Нет результатов -> 0
2025-10-22 16:52:34,881 [INFO] Ничего нового не найдено по обоим запросам.
2025-10-22 16:54:20,413 [INFO] [Записки юного врача] Нет результатов -> 0
2025-10-22 16:54:33,688 [INFO] [На чёрной] Нет результатов -> 0
2025-10-22 16:54:33,746 [INFO] Ничего нового не найдено по обоим запросам.
2025-10-22 16:56:19,844 [INFO] [Записки юного врача] Нет результатов -> 0
2025-10-22 16:56:33,060 [INFO] [На чёрной] Нет результатов -> 0
2025-10-22 16:56:33,155 [INFO] Ничего нового не найдено по обоим запросам.
2025-10-22 16:58:19,837 [INFO] [Записки юного врача] Нет результатов -> 0
2025-10-22 16:58:33,673 [INFO] [На чёрной] Нет результатов -> 0
2025-10-22 16:58:33,735 [INFO] Ничего нового не найдено по обоим запросам.
2025-10-22 16:59:41,034 [INFO] [Записки юного врача] Нет результатов -> 0
2025-10-22 16:59:54,863 [INFO] [На чёрной] Нет результатов -> 0
2025-10-22 16:59:54,932 [INFO] Ничего нового не найдено по обоим запросам.
2025-10-22 17:00:37,627 [INFO] [Записки юного врача] Нет результатов -> 0
2025-10-22 17:00:51,640 [INFO] [На чёрной] Нет результатов -> 0
2025-10-22 17:00:51,713 [INFO] Ничего нового не найдено по обоим запросам.
2025-10-22 17:02:21,161 [INFO] [Записки юного врача] Нет результатов -> 0
2025-10-22 17:02:35,457 [INFO] [На чёрной] Нет результатов -> 0
2025-10-22 17:02:35,548 [INFO] Ничего нового не найдено по обоим запросам.
2025-10-22 17:05:22,801 [INFO] [Записки юного врача] Нет результатов -> 0
2025-10-22 17:05:36,900 [INFO] [На чёрной] Нет результатов -> 0
2025-10-22 17:05:36,965 [INFO] Ничего нового не найдено по обоим запросам.
2025-10-22 17:10:15,113 [INFO] [Записки юного врача] Найдено 3 тр., дата > 2025-10-27: True
2025-10-22 17:10:19,636 [INFO] [На чёрной] Найдено 2 тр., дата > 2025-10-13: True
2025-10-22 17:10:20,163 [INFO] Сообщение отправлено в Telegram.
2025-10-22 17:15:14,558 [INFO] [Записки юного врача] Найдено 3 тр., дата > 2025-10-27: True
2025-10-22 17:15:21,014 [INFO] [На чёрной] Найдено 2 тр., дата > 2025-10-13: True
2025-10-22 17:15:21,522 [INFO] Сообщение отправлено в Telegram.
2025-10-22 17:20:15,797 [INFO] [Записки юного врача] Найдено 3 тр., дата > 2025-10-27: True
2025-10-22 17:20:23,771 [INFO] [На чёрной] Найдено 2 тр., дата > 2025-10-13: True
2025-10-22 17:20:24,284 [INFO] Сообщение отправлено в Telegram.
2025-10-22 17:25:17,240 [INFO] [Записки юного врача] Найдено 3 тр., дата > 2025-10-27: True
2025-10-22 17:25:27,813 [INFO] [На чёрной] Найдено 2 тр., дата > 2025-10-13: True
2025-10-22 17:25:28,372 [INFO] Сообщение отправлено в Telegram.
2025-10-22 17:30:28,243 [INFO] [Записки юного врача] Найдено 3 тр., дата > 2025-10-27: True
2025-10-22 17:30:40,541 [INFO] [На чёрной] Найдено 2 тр., дата > 2025-10-13: True
2025-10-22 17:30:41,262 [INFO] Сообщение отправлено в Telegram.
2025-10-22 17:35:20,388 [INFO] [Записки юного врача] Найдено 3 тр., дата > 2025-10-27: True
2025-10-22 17:35:34,158 [INFO] [На чёрной] Нет результатов -> 0
2025-10-22 17:35:34,667 [INFO] Сообщение отправлено в Telegram.
2025-10-22 17:40:23,406 [INFO] [Записки юного врача] Нет результатов -> 0
2025-10-22 17:40:27,814 [INFO] [На чёрной] Найдено 2 тр., дата > 2025-10-13: True
2025-10-22 17:40:28,427 [INFO] Сообщение отправлено в Telegram.
2025-10-22 17:45:13,843 [INFO] [Записки юного врача] Найдено 3 тр., дата > 2025-10-27: True
2025-10-22 17:45:19,208 [INFO] [На чёрной] Найдено 2 тр., дата > 2025-10-13: True
2025-10-22 17:45:19,732 [INFO] Сообщение отправлено в Telegram.
2025-10-22 17:50:16,640 [INFO] [Записки юного врача] Найдено 3 тр., дата > 2025-10-27: True
2025-10-22 17:50:23,833 [INFO] [На чёрной] Найдено 2 тр., дата > 2025-10-13: True
2025-10-22 17:50:24,408 [INFO] Сообщение отправлено в Telegram.
2025-10-22 17:55:15,952 [INFO] [Записки юного врача] Найдено 3 тр., дата > 2025-10-27: True
2025-10-22 17:55:25,106 [INFO] [На чёрной] Найдено 2 тр., дата > 2025-10-13: True
2025-10-22 17:55:25,689 [INFO] Сообщение отправлено в Telegram.
2025-10-22 18:00:35,077 [INFO] [Записки юного врача] Найдено 3 тр., дата > 2025-10-27: True
2025-10-22 18:00:46,444 [INFO] [На чёрной] Найдено 2 тр., дата > 2025-10-13: True
2025-10-22 18:00:47,015 [INFO] Сообщение отправлено в Telegram.
2025-10-22 18:05:20,051 [INFO] [Записки юного врача] Найдено 3 тр., дата > 2025-10-27: True
2025-10-22 18:05:33,476 [INFO] [На чёрной] Найдено 2 тр., дата > 2025-10-13: True
2025-10-22 18:05:34,024 [INFO] Сообщение отправлено в Telegram.
2025-10-22 18:10:22,884 [INFO] [Записки юного врача] Нет результатов -> 0
2025-10-22 18:10:36,224 [INFO] [На чёрной] Нет результатов -> 0
2025-10-22 18:10:36,332 [INFO] Ничего нового не найдено по обоим запросам.
2025-10-22 18:15:13,767 [INFO] [Записки юного врача] Найдено 3 тр., дата > 2025-10-27: True
2025-10-22 18:15:18,188 [INFO] [На чёрной] Найдено 2 тр., дата > 2025-10-13: True
2025-10-22 18:15:18,746 [INFO] Сообщение отправлено в Telegram.
2025-10-22 18:20:15,909 [INFO] [Записки юного врача] Найдено 3 тр., дата > 2025-11-27: False
2025-10-22 18:20:22,403 [INFO] [На чёрной] Найдено 2 тр., дата > 2025-11-13: False
2025-10-22 18:20:22,466 [INFO] Ничего нового не найдено по обоим запросам.
2025-10-22 18:25:14,781 [INFO] [Записки юного врача] Найдено 3 тр., дата > 2025-11-27: False
2025-10-22 18:25:22,809 [INFO] [На чёрной] Найдено 2 тр., дата > 2025-11-13: False
2025-10-22 18:25:22,868 [INFO] Ничего нового не найдено по обоим запросам.
2025-10-22 18:30:26,164 [INFO] [Записки юного врача] Найдено 3 тр., дата > 2025-11-27: False
2025-10-22 18:30:36,440 [INFO] [На чёрной] Найдено 2 тр., дата > 2025-11-13: False
2025-10-22 18:30:36,512 [INFO] Ничего нового не найдено по обоим запросам.
2025-10-22 19:02:18,747 [INFO] [Записки юного врача] Найдено 3 тр., дата > 2025-11-27: False
2025-10-22 19:02:23,588 [INFO] [На чёрной] Найдено 2 тр., дата > 2025-11-13: False
2025-10-22 19:02:23,654 [INFO] Ничего нового не найдено по обоим запросам.
2025-10-22 19:04:29,841 [INFO] [Записки юного врача] Найдено 3 тр., дата > 2025-10-27: True
2025-10-22 19:04:36,452 [INFO] [На чёрной] Найдено 2 тр., дата > 2025-11-13: False
2025-10-22 19:04:36,910 [INFO] Сообщение отправлено в Telegram.
2025-10-22 19:05:07,366 [INFO] [Записки юного врача] Найдено 3 тр., дата > 2025-11-27: False
2025-10-22 19:05:15,420 [INFO] [На чёрной] Найдено 2 тр., дата > 2025-11-13: False
2025-10-22 19:05:15,502 [INFO] Ничего нового не найдено по обоим запросам.
2025-10-22 19:10:19,139 [INFO] [Записки юного врача] Найдено 3 тр., дата > 2025-10-27: True
2025-10-22 19:10:29,567 [INFO] [На чёрной] Найдено 2 тр., дата > 2025-11-13: False
2025-10-22 19:10:30,162 [INFO] Сообщение отправлено в Telegram.
2025-10-22 19:20:23,386 [INFO] [Записки юного врача] Найдено 3 тр., дата > 2025-11-27: False
2025-10-22 19:20:36,640 [INFO] [На чёрной] Найдено 2 тр., дата > 2025-11-13: False
2025-10-22 19:20:36,777 [INFO] Ничего нового не найдено по обоим запросам.
2025-10-22 19:30:28,909 [INFO] [Записки юного врача] Нет результатов -> 0
2025-10-22 19:30:42,427 [INFO] [На чёрной] Нет результатов -> 0
2025-10-22 19:30:42,489 [INFO] Ничего нового не найдено по обоим запросам.
2025-10-22 19:40:14,031 [INFO] [Записки юного врача] Найдено 3 тр., дата > 2025-11-27: False
2025-10-22 19:40:18,366 [INFO] [На чёрной] Найдено 2 тр., дата > 2025-11-13: False
2025-10-22 19:40:18,424 [INFO] Ничего нового не найдено по обоим запросам.
2025-10-22 19:50:15,885 [INFO] [Записки юного врача] Найдено 3 тр., дата > 2025-11-27: False
2025-10-22 19:50:22,813 [INFO] [На чёрной] Найдено 2 тр., дата > 2025-11-13: False
2025-10-22 19:50:22,953 [INFO] Ничего нового не найдено по обоим запросам.
2025-10-22 20:00:30,199 [INFO] [Записки юного врача] Найдено 3 тр., дата > 2025-11-27: False
2025-10-22 20:00:39,271 [INFO] [На чёрной] Найдено 2 тр., дата > 2025-11-13: False
2025-10-22 20:00:39,367 [INFO] Ничего нового не найдено по обоим запросам.
2025-10-22 20:10:15,198 [INFO] [Записки юного врача] Найдено 3 тр., дата > 2025-11-27: False
2025-10-22 20:10:19,586 [INFO] [На чёрной] Найдено 2 тр., дата > 2025-11-13: False
2025-10-22 20:10:19,674 [INFO] Ничего нового не найдено по обоим запросам.
2025-10-22 20:20:16,160 [INFO] [Записки юного врача] Найдено 3 тр., дата > 2025-11-27: False
2025-10-22 20:20:23,017 [INFO] [На чёрной] Найдено 2 тр., дата > 2025-11-13: False
2025-10-22 20:20:23,088 [INFO] Ничего нового не найдено по обоим запросам.
2025-10-22 20:30:23,476 [INFO] [Записки юного врача] Найдено 3 тр., дата > 2025-11-27: False
2025-10-22 20:30:32,200 [INFO] [На чёрной] Найдено 2 тр., дата > 2025-11-13: False
2025-10-22 20:30:32,266 [INFO] Ничего нового не найдено по обоим запросам.
2025-10-22 20:40:19,262 [INFO] [Записки юного врача] Найдено 3 тр., дата > 2025-11-27: False
2025-10-22 20:40:24,127 [INFO] [На чёрной] Найдено 2 тр., дата > 2025-11-13: False
2025-10-22 20:40:24,205 [INFO] Ничего нового не найдено по обоим запросам.
2025-10-22 20:50:13,846 [INFO] [Записки юного врача] Найдено 3 тр., дата > 2025-11-27: False
2025-10-22 20:50:19,445 [INFO] [На чёрной] Найдено 2 тр., дата > 2025-11-13: False
2025-10-22 20:50:19,515 [INFO] Ничего нового не найдено по обоим запросам.
2025-10-22 21:00:28,224 [INFO] [Записки юного врача] Найдено 3 тр., дата > 2025-11-27: False
2025-10-22 21:00:36,248 [INFO] [На чёрной] Найдено 2 тр., дата > 2025-11-13: False
2025-10-22 21:00:36,329 [INFO] Ничего нового не найдено по обоим запросам.
2025-10-22 21:10:18,402 [INFO] [Записки юного врача] Найдено 3 тр., дата > 2025-11-27: False
2025-10-22 21:10:27,607 [INFO] [На чёрной] Найдено 2 тр., дата > 2025-11-13: False
2025-10-22 21:10:27,667 [INFO] Ничего нового не найдено по обоим запросам.
2025-10-22 21:20:13,624 [INFO] [Записки юного врача] Найдено 3 тр., дата > 2025-11-27: False
2025-10-22 21:20:18,347 [INFO] [На чёрной] Найдено 2 тр., дата > 2025-11-13: False
2025-10-22 21:20:18,406 [INFO] Ничего нового не найдено по обоим запросам.
2025-10-22 21:30:20,698 [INFO] [Записки юного врача] Найдено 3 тр., дата > 2025-11-27: False
2025-10-22 21:30:27,259 [INFO] [На чёрной] Найдено 2 тр., дата > 2025-11-13: False
2025-10-22 21:30:27,322 [INFO] Ничего нового не найдено по обоим запросам.
2025-10-22 21:40:17,516 [INFO] [Записки юного врача] Найдено 3 тр., дата > 2025-11-27: False
2025-10-22 21:40:26,437 [INFO] [На чёрной] Найдено 2 тр., дата > 2025-11-13: False
2025-10-22 21:40:26,527 [INFO] Ничего нового не найдено по обоим запросам.
2025-10-23 06:18:38,180 [INFO] [Записки юного врача] Найдено 3 тр., дата > 2025-11-27: False
2025-10-23 06:18:42,888 [INFO] [На чёрной] Найдено 2 тр., дата > 2025-11-13: False
2025-10-23 06:18:42,993 [INFO] Ничего нового не найдено по обоим запросам.
2025-10-23 06:20:14,913 [INFO] [Записки юного врача] Найдено 3 тр., дата > 2025-11-27: False
2025-10-23 06:20:21,521 [INFO] [На чёрной] Найдено 2 тр., дата > 2025-11-13: False
2025-10-23 06:20:21,605 [INFO] Ничего нового не найдено по обоим запросам.
2025-10-23 06:30:24,157 [INFO] [Записки юного врача] Найдено 3 тр., дата > 2025-11-27: False
2025-10-23 06:30:32,881 [INFO] [На чёрной] Найдено 2 тр., дата > 2025-11-13: False
2025-10-23 06:30:33,009 [INFO] Ничего нового не найдено по обоим запросам.
2025-10-23 06:40:19,634 [INFO] [Записки юного врача] Найдено 3 тр., дата > 2025-11-27: False
2025-10-23 06:40:30,163 [INFO] [На чёрной] Найдено 2 тр., дата > 2025-11-13: False
2025-10-23 06:40:30,223 [INFO] Ничего нового не найдено по обоим запросам.
2025-10-23 06:50:15,242 [INFO] [Записки юного врача] Найдено 3 тр., дата > 2025-11-27: False
2025-10-23 06:50:19,821 [INFO] [На чёрной] Найдено 2 тр., дата > 2025-11-13: False
2025-10-23 06:50:19,907 [INFO] Ничего нового не найдено по обоим запросам.
2025-10-23 07:00:29,779 [INFO] [Записки юного врача] Найдено 3 тр., дата > 2025-11-27: False
2025-10-23 07:00:35,937 [INFO] [На чёрной] Найдено 2 тр., дата > 2025-11-13: False
2025-10-23 07:00:36,002 [INFO] Ничего нового не найдено по обоим запросам.
2025-10-23 07:10:18,013 [INFO] [Записки юного врача] Найдено 3 тр., дата > 2025-11-27: False
2025-10-23 07:10:26,774 [INFO] [На чёрной] Найдено 2 тр., дата > 2025-11-13: False
2025-10-23 07:10:26,850 [INFO] Ничего нового не найдено по обоим запросам.
2025-10-23 07:20:16,200 [INFO] [Записки юного врача] Найдено 3 тр., дата > 2025-11-27: False
2025-10-23 07:20:24,076 [INFO] [На чёрной] Найдено 2 тр., дата > 2025-11-13: False
2025-10-23 07:20:24,191 [INFO] Ничего нового не найдено по обоим запросам.
2025-10-23 07:30:23,792 [INFO] [Записки юного врача] Найдено 3 тр., дата > 2025-11-27: False
2025-10-23 07:30:30,544 [INFO] [На чёрной] Найдено 2 тр., дата > 2025-11-13: False
2025-10-23 07:30:30,618 [INFO] Ничего нового не найдено по обоим запросам.
2025-10-23 07:40:18,302 [INFO] [Записки юного врача] Найдено 3 тр., дата > 2025-11-27: False
2025-10-23 07:40:33,866 [INFO] [На чёрной] Найдено 2 тр., дата > 2025-11-13: False
2025-10-23 07:40:33,953 [INFO] Ничего нового не найдено по обоим запросам.
2025-10-23 07:50:19,519 [INFO] [Записки юного врача] Найдено 3 тр., дата > 2025-11-27: False
2025-10-23 07:50:24,904 [INFO] [На чёрной] Найдено 2 тр., дата > 2025-11-13: False
2025-10-23 07:50:24,994 [INFO] Ничего нового не найдено по обоим запросам.
2025-10-23 08:00:27,361 [INFO] [Записки юного врача] Найдено 3 тр., дата > 2025-11-27: False
2025-10-23 08:00:32,887 [INFO] [На чёрной] Найдено 2 тр., дата > 2025-11-13: False
2025-10-23 08:00:32,993 [INFO] Ничего нового не найдено по обоим запросам.
2025-10-23 08:10:17,175 [INFO] [Записки юного врача] Найдено 3 тр., дата > 2025-11-27: False
2025-10-23 08:10:25,028 [INFO] [На чёрной] Найдено 2 тр., дата > 2025-11-13: False
2025-10-23 08:10:25,116 [INFO] Ничего нового не найдено по обоим запросам.
2025-10-23 08:20:17,550 [INFO] [Записки юного врача] Найдено 3 тр., дата > 2025-11-27: False
2025-10-23 08:20:26,959 [INFO] [На чёрной] Найдено 2 тр., дата > 2025-11-13: False
2025-10-23 08:20:27,020 [INFO] Ничего нового не найдено по обоим запросам.
2025-10-23 08:30:20,979 [INFO] [Записки юного врача] Найдено 3 тр., дата > 2025-11-27: False
2025-10-23 08:30:25,652 [INFO] [На чёрной] Найдено 2 тр., дата > 2025-11-13: False
2025-10-23 08:30:25,722 [INFO] Ничего нового не найдено по обоим запросам.
2025-10-23 08:40:15,469 [INFO] [Записки юного врача] Найдено 3 тр., дата > 2025-11-27: False
2025-10-23 08:40:22,214 [INFO] [На чёрной] Найдено 2 тр., дата > 2025-11-13: False
2025-10-23 08:40:22,302 [INFO] Ничего нового не найдено по обоим запросам.
2025-10-23 08:50:17,677 [INFO] [Записки юного врача] Найдено 3 тр., дата > 2025-11-27: False
2025-10-23 08:50:25,898 [INFO] [На чёрной] Найдено 2 тр., дата > 2025-11-13: False
2025-10-23 08:50:25,993 [INFO] Ничего нового не найдено по обоим запросам.
2025-10-23 09:00:27,090 [INFO] [Записки юного врача] Найдено 3 тр., дата > 2025-11-27: False
2025-10-23 09:00:32,388 [INFO] [На чёрной] Найдено 2 тр., дата > 2025-11-13: False
2025-10-23 09:00:32,466 [INFO] Ничего нового не найдено по обоим запросам.
2025-10-23 09:10:16,442 [INFO] [Записки юного врача] Найдено 3 тр., дата > 2025-11-27: False
2025-10-23 09:10:23,095 [INFO] [На чёрной] Найдено 2 тр., дата > 2025-11-13: False
2025-10-23 09:10:23,172 [INFO] Ничего нового не найдено по обоим запросам.
2025-10-23 09:20:17,990 [INFO] [Записки юного врача] Найдено 3 тр., дата > 2025-11-27: False
2025-10-23 09:20:26,979 [INFO] [На чёрной] Найдено 2 тр., дата > 2025-11-13: False
2025-10-23 09:20:27,056 [INFO] Ничего нового не найдено по обоим запросам.
2025-10-23 09:30:26,541 [INFO] [Записки юного врача] Найдено 3 тр., дата > 2025-11-27: False
2025-10-23 09:30:31,077 [INFO] [На чёрной] Найдено 2 тр., дата > 2025-11-13: False
2025-10-23 09:30:31,155 [INFO] Ничего нового не найдено по обоим запросам.
2025-10-23 09:40:14,525 [INFO] [Записки юного врача] Найдено 3 тр., дата > 2025-11-27: False
2025-10-23 09:40:20,023 [INFO] [На чёрной] Найдено 2 тр., дата > 2025-11-13: False
2025-10-23 09:40:20,098 [INFO] Ничего нового не найдено по обоим запросам.
2025-10-23 09:50:16,308 [INFO] [Записки юного врача] Найдено 3 тр., дата > 2025-11-27: False
2025-10-23 09:50:23,800 [INFO] [На чёрной] Найдено 2 тр., дата > 2025-11-13: False
2025-10-23 09:50:23,919 [INFO] Ничего нового не найдено по обоим запросам.
2025-10-23 10:00:32,830 [INFO] [Записки юного врача] Найдено 3 тр., дата > 2025-11-27: False
2025-10-23 10:00:37,904 [INFO] [На чёрной] Найдено 2 тр., дата > 2025-11-13: False
2025-10-23 10:00:38,089 [INFO] Ничего нового не найдено по обоим запросам.
2025-10-23 10:10:14,635 [INFO] [Записки юного врача] Найдено 3 тр., дата > 2025-11-27: False
2025-10-23 10:10:20,004 [INFO] [На чёрной] Найдено 2 тр., дата > 2025-11-13: False
2025-10-23 10:10:20,063 [INFO] Ничего нового не найдено по обоим запросам.
2025-10-23 10:20:17,165 [INFO] [Записки юного врача] Найдено 3 тр., дата > 2025-11-27: False
2025-10-23 10:20:24,932 [INFO] [На чёрной] Найдено 2 тр., дата > 2025-11-13: False
2025-10-23 10:20:25,021 [INFO] Ничего нового не найдено по обоим запросам.
2025-10-23 11:50:22,387 [INFO] [Записки юного врача] Найдено 3 тр., дата > 2025-11-27: False
2025-10-23 11:50:26,822 [INFO] [На чёрной] Найдено 2 тр., дата > 2025-11-13: False
2025-10-23 11:50:26,900 [INFO] Ничего нового не найдено по обоим запросам.
2025-10-23 12:00:27,418 [INFO] [Записки юного врача] Найдено 3 тр., дата > 2025-11-27: False
2025-10-23 12:00:34,177 [INFO] [На чёрной] Найдено 2 тр., дата > 2025-11-13: False
2025-10-23 12:00:34,270 [INFO] Ничего нового не найдено по обоим запросам.
2025-10-23 12:10:17,500 [INFO] [Записки юного врача] Найдено 3 тр., дата > 2025-11-27: False
2025-10-23 12:10:25,534 [INFO] [На чёрной] Найдено 2 тр., дата > 2025-11-13: False
2025-10-23 12:10:25,592 [INFO] Ничего нового не найдено по обоим запросам.
2025-10-23 12:20:19,952 [INFO] [Записки юного врача] Найдено 3 тр., дата > 2025-11-27: False
2025-10-23 12:20:24,862 [INFO] [На чёрной] Найдено 2 тр., дата > 2025-11-13: False
2025-10-23 12:20:24,946 [INFO] Ничего нового не найдено по обоим запросам.
2025-10-23 12:30:21,403 [INFO] [Записки юного врача] Найдено 3 тр., дата > 2025-11-27: False
2025-10-23 12:30:26,888 [INFO] [На чёрной] Найдено 2 тр., дата > 2025-11-13: False
2025-10-23 12:30:27,020 [INFO] Ничего нового не найдено по обоим запросам.
2025-10-23 12:40:17,064 [INFO] [Записки юного врача] Найдено 3 тр., дата > 2025-11-27: False
2025-10-23 12:40:24,675 [INFO] [На чёрной] Найдено 2 тр., дата > 2025-11-13: False
2025-10-23 12:40:24,776 [INFO] Ничего нового не найдено по обоим запросам.
2025-10-23 12:50:18,836 [INFO] [Записки юного врача] Найдено 3 тр., дата > 2025-11-27: False
2025-10-23 12:50:27,991 [INFO] [На чёрной] Найдено 2 тр., дата > 2025-11-13: False
2025-10-23 12:50:28,058 [INFO] Ничего нового не найдено по обоим запросам.
2025-10-23 13:00:27,876 [INFO] [Записки юного врача] Найдено 3 тр., дата > 2025-11-27: False
2025-10-23 13:00:32,523 [INFO] [На чёрной] Найдено 2 тр., дата > 2025-11-13: False
2025-10-23 13:00:32,586 [INFO] Ничего нового не найдено по обоим запросам.
2025-10-23 13:10:15,603 [INFO] [Записки юного врача] Найдено 3 тр., дата > 2025-11-27: False
2025-10-23 13:10:22,132 [INFO] [На чёрной] Найдено 2 тр., дата > 2025-11-13: False
2025-10-23 13:10:22,247 [INFO] Ничего нового не найдено по обоим запросам.
2025-10-23 13:20:17,924 [INFO] [Записки юного врача] Найдено 3 тр., дата > 2025-11-27: False
2025-10-23 13:20:25,938 [INFO] [На чёрной] Найдено 2 тр., дата > 2025-11-13: False
2025-10-23 13:20:25,999 [INFO] Ничего нового не найдено по обоим запросам.
2025-10-23 13:50:22,023 [INFO] [Записки юного врача] Найдено 3 тр., дата > 2025-11-27: False
2025-10-23 13:50:26,938 [INFO] [На чёрной] Найдено 2 тр., дата > 2025-11-13: False
2025-10-23 13:50:27,008 [INFO] Ничего нового не найдено по обоим запросам.
2025-10-23 14:00:31,300 [INFO] [Записки юного врача] Найдено 3 тр., дата > 2025-11-27: False
2025-10-23 14:00:37,892 [INFO] [На чёрной] Найдено 2 тр., дата > 2025-11-13: False
2025-10-23 14:00:37,966 [INFO] Ничего нового не найдено по обоим запросам.
2025-10-23 14:10:18,216 [INFO] [Записки юного врача] Найдено 3 тр., дата > 2025-11-27: False
2025-10-23 14:10:26,800 [INFO] [На чёрной] Найдено 2 тр., дата > 2025-11-13: False
2025-10-23 14:10:26,893 [INFO] Ничего нового не найдено по обоим запросам.
2025-10-23 14:15:18,759 [INFO] [Записки юного врача] Найдено 3 тр., дата > 2025-10-27: True
2025-10-23 14:15:29,279 [INFO] [На чёрной] Найдено 2 тр., дата > 2025-11-13: False
2025-10-23 14:15:29,828 [INFO] Сообщение отправлено в Telegram.
2025-10-23 14:20:21,353 [INFO] [Записки юного врача] Найдено 3 тр., дата > 2025-10-27: True
2025-10-23 14:20:25,955 [INFO] [На чёрной] Найдено 2 тр., дата > 2025-11-13: False
2025-10-23 14:20:26,425 [INFO] Сообщение отправлено в Telegram.
2025-10-23 14:25:12,035 [INFO] [Записки юного врача] Найдено 3 тр., дата > 2025-10-27: True
2025-10-23 14:25:17,588 [INFO] [На чёрной] Найдено 2 тр., дата > 2025-11-13: False
2025-10-23 14:25:18,246 [INFO] Сообщение отправлено в Telegram.
2025-10-23 14:30:22,845 [INFO] [Записки юного врача] Найдено 3 тр., дата > 2025-10-27: True
2025-10-23 14:30:30,643 [INFO] [На чёрной] Найдено 2 тр., дата > 2025-11-13: False
2025-10-23 14:30:31,557 [INFO] Сообщение отправлено в Telegram.
2025-10-23 14:35:16,587 [INFO] [Записки юного врача] Найдено 3 тр., дата > 2025-10-27: True
2025-10-23 14:35:26,327 [INFO] [На чёрной] Найдено 2 тр., дата > 2025-11-13: False
2025-10-23 14:35:26,985 [INFO] Сообщение отправлено в Telegram.
2025-10-23 14:40:21,173 [INFO] [Записки юного врача] Найдено 3 тр., дата > 2025-10-27: True
2025-10-23 14:40:33,266 [INFO] [На чёрной] Найдено 2 тр., дата > 2025-11-13: False
2025-10-23 14:40:33,757 [INFO] Сообщение отправлено в Telegram.
2025-10-23 14:45:22,203 [INFO] [Записки юного врача] Найдено 3 тр., дата > 2025-10-27: True
2025-10-23 14:45:35,872 [INFO] [На чёрной] Найдено 2 тр., дата > 2025-11-13: False
2025-10-23 14:45:36,408 [INFO] Сообщение отправлено в Telegram.
2025-10-23 14:50:23,699 [INFO] [Записки юного врача] Нет результатов -> 0
2025-10-23 14:50:28,202 [INFO] [На чёрной] Найдено 2 тр., дата > 2025-11-13: False
2025-10-23 14:50:28,366 [INFO] Ничего нового не найдено по обоим запросам.
2025-10-25 18:10:54,785 [INFO] [Записки юного врача] Найдено 3 тр., дата > 2025-10-27: True
2025-10-25 18:11:00,318 [INFO] [На чёрной] Найдено 2 тр., дата > 2025-11-13: False
2025-10-25 18:11:00,856 [INFO] Сообщение отправлено в Telegram.
2025-10-25 18:19:22,321 [INFO] [Записки юного врача] Найдено 3 тр., дата > 2025-10-27: True
2025-10-25 18:19:28,787 [INFO] [На чёрной] Найдено 2 тр., дата > 2025-11-13: False
2025-10-25 18:19:29,265 [INFO] Сообщение отправлено в Telegram.
